2025-02-06 11:50:40,451 - basicLogger - INFO - Received event scale results with trace id of 1738871440451205700
2025-02-06 11:50:40,452 - basicLogger - INFO - Received event scale results with trace id of 1738871440451205700
2025-02-06 11:50:40,512 - basicLogger - INFO - Received event scale results with trace id of 1738871440512860300
2025-02-06 11:50:40,513 - basicLogger - INFO - Received event scale results with trace id of 1738871440512860300
2025-02-06 11:50:40,710 - basicLogger - INFO - Received event scale results with trace id of 1738871440710369600
2025-02-06 11:50:40,711 - basicLogger - INFO - Received event scale results with trace id of 1738871440710369600
2025-02-06 11:50:40,912 - basicLogger - INFO - Received event scale results with trace id of 1738871440912078400
2025-02-06 11:50:40,912 - basicLogger - INFO - Received event scale results with trace id of 1738871440912078400
2025-02-06 11:50:41,110 - basicLogger - INFO - Received event scale results with trace id of 1738871441110137100
2025-02-06 11:50:41,110 - basicLogger - INFO - Received event scale results with trace id of 1738871441110137100
2025-02-06 11:50:42,941 - basicLogger - INFO - Response for event scale results, id:1738871440512860300 has status 201
2025-02-06 11:50:42,941 - basicLogger - INFO - Response for event scale results, id:1738871440451205700 has status 201
2025-02-06 11:50:42,955 - basicLogger - INFO - Received event watch results with trace id of 1738871442955595300
2025-02-06 11:50:42,955 - basicLogger - INFO - Received event watch results with trace id of 1738871442955595300
2025-02-06 11:50:43,033 - basicLogger - INFO - Response for event scale results, id:1738871440710369600 has status 201
2025-02-06 11:50:43,037 - basicLogger - INFO - Received event watch results with trace id of 1738871443037756100
2025-02-06 11:50:43,208 - basicLogger - INFO - Response for event scale results, id:1738871440912078400 has status 201
2025-02-06 11:50:43,211 - basicLogger - INFO - Received event watch results with trace id of 1738871443211499700
2025-02-06 11:50:43,396 - basicLogger - INFO - Response for event scale results, id:1738871441110137100 has status 201
2025-02-06 11:50:43,399 - basicLogger - INFO - Received event watch results with trace id of 1738871443399496700
2025-02-06 11:50:45,400 - basicLogger - INFO - Response for event watch results, id:1738871442955595300 has status 201
2025-02-06 11:50:45,406 - basicLogger - INFO - Received event scale results with trace id of 1738871445406896000
2025-02-06 11:50:45,406 - basicLogger - INFO - Received event scale results with trace id of 1738871445406896000
2025-02-06 11:50:45,410 - basicLogger - INFO - Response for event watch results, id:1738871442955595300 has status 201
2025-02-06 11:50:45,417 - basicLogger - INFO - Received event scale results with trace id of 1738871445417509900
2025-02-06 11:50:45,417 - basicLogger - INFO - Received event scale results with trace id of 1738871445417509900
2025-02-06 11:50:45,502 - basicLogger - INFO - Response for event watch results, id:1738871443037756100 has status 201
2025-02-06 11:50:45,509 - basicLogger - INFO - Received event scale results with trace id of 1738871445509823300
2025-02-06 11:50:45,510 - basicLogger - INFO - Received event scale results with trace id of 1738871445509823300
2025-02-06 11:50:45,651 - basicLogger - INFO - Response for event watch results, id:1738871443211499700 has status 201
2025-02-06 11:50:45,659 - basicLogger - INFO - Received event scale results with trace id of 1738871445659590500
2025-02-06 11:50:45,659 - basicLogger - INFO - Received event scale results with trace id of 1738871445659590500
2025-02-06 11:50:45,732 - basicLogger - INFO - Response for event watch results, id:1738871443399496700 has status 201
2025-02-06 11:50:45,739 - basicLogger - INFO - Received event scale results with trace id of 1738871445739923700
2025-02-06 11:50:45,740 - basicLogger - INFO - Received event scale results with trace id of 1738871445739923700
2025-02-06 11:50:47,808 - basicLogger - INFO - Response for event scale results, id:1738871445417509900 has status 201
2025-02-06 11:50:47,812 - basicLogger - INFO - Received event watch results with trace id of 1738871447812519500
2025-02-06 11:50:47,819 - basicLogger - INFO - Response for event scale results, id:1738871445406896000 has status 201
2025-02-06 11:50:47,823 - basicLogger - INFO - Received event watch results with trace id of 1738871447823462200
2025-02-06 11:50:47,941 - basicLogger - INFO - Response for event scale results, id:1738871445509823300 has status 201
2025-02-06 11:50:47,945 - basicLogger - INFO - Received event watch results with trace id of 1738871447945196900
2025-02-06 11:50:48,048 - basicLogger - INFO - Response for event scale results, id:1738871445659590500 has status 201
2025-02-06 11:50:48,052 - basicLogger - INFO - Received event watch results with trace id of 1738871448052230000
2025-02-06 11:50:48,092 - basicLogger - INFO - Response for event scale results, id:1738871445739923700 has status 201
2025-02-06 11:50:48,095 - basicLogger - INFO - Received event watch results with trace id of 1738871448095207800
2025-02-06 11:50:50,270 - basicLogger - INFO - Response for event watch results, id:1738871447812519500 has status 201
2025-02-06 11:50:50,276 - basicLogger - INFO - Received event scale results with trace id of 1738871450276760100
2025-02-06 11:50:50,276 - basicLogger - INFO - Received event scale results with trace id of 1738871450276760100
2025-02-06 11:50:50,280 - basicLogger - INFO - Response for event watch results, id:1738871447823462200 has status 201
2025-02-06 11:50:50,288 - basicLogger - INFO - Received event scale results with trace id of 1738871450288453500
2025-02-06 11:50:50,288 - basicLogger - INFO - Received event scale results with trace id of 1738871450288453500
2025-02-06 11:50:50,430 - basicLogger - INFO - Response for event watch results, id:1738871447945196900 has status 201
2025-02-06 11:50:50,434 - basicLogger - INFO - Received event scale results with trace id of 1738871450434600400
2025-02-06 11:50:50,434 - basicLogger - INFO - Received event scale results with trace id of 1738871450434600400
2025-02-06 11:50:50,483 - basicLogger - INFO - Response for event watch results, id:1738871448052230000 has status 201
2025-02-06 11:50:50,491 - basicLogger - INFO - Received event scale results with trace id of 1738871450491939300
2025-02-06 11:50:50,491 - basicLogger - INFO - Received event scale results with trace id of 1738871450491939300
2025-02-06 11:50:50,493 - basicLogger - INFO - Response for event watch results, id:1738871448095207800 has status 201
2025-02-06 11:50:50,503 - basicLogger - INFO - Received event scale results with trace id of 1738871450503182800
2025-02-06 11:50:50,503 - basicLogger - INFO - Received event scale results with trace id of 1738871450503182800
2025-02-06 11:50:52,732 - basicLogger - INFO - Response for event scale results, id:1738871450276760100 has status 201
2025-02-06 11:50:52,739 - basicLogger - INFO - Received event watch results with trace id of 1738871452739005900
2025-02-06 11:50:52,741 - basicLogger - INFO - Response for event scale results, id:1738871450288453500 has status 201
2025-02-06 11:50:52,746 - basicLogger - INFO - Received event watch results with trace id of 1738871452746210700
2025-02-06 11:50:52,901 - basicLogger - INFO - Response for event scale results, id:1738871450434600400 has status 201
2025-02-06 11:50:52,905 - basicLogger - INFO - Received event watch results with trace id of 1738871452905272800
2025-02-06 11:50:52,938 - basicLogger - INFO - Response for event scale results, id:1738871450491939300 has status 201
2025-02-06 11:50:52,943 - basicLogger - INFO - Received event watch results with trace id of 1738871452943069300
2025-02-06 11:50:52,946 - basicLogger - INFO - Response for event scale results, id:1738871450503182800 has status 201
2025-02-06 11:50:52,949 - basicLogger - INFO - Received event watch results with trace id of 1738871452949775800
2025-02-06 11:50:55,164 - basicLogger - INFO - Response for event watch results, id:1738871452739005900 has status 201
2025-02-06 11:50:55,170 - basicLogger - INFO - Received event scale results with trace id of 1738871455170794200
2025-02-06 11:50:55,172 - basicLogger - INFO - Received event scale results with trace id of 1738871455170794200
2025-02-06 11:50:55,173 - basicLogger - INFO - Response for event watch results, id:1738871452746210700 has status 201
2025-02-06 11:50:55,181 - basicLogger - INFO - Received event scale results with trace id of 1738871455181731700
2025-02-06 11:50:55,181 - basicLogger - INFO - Received event scale results with trace id of 1738871455181731700
2025-02-06 11:50:55,335 - basicLogger - INFO - Response for event watch results, id:1738871452905272800 has status 201
2025-02-06 11:50:55,340 - basicLogger - INFO - Received event scale results with trace id of 1738871455340502600
2025-02-06 11:50:55,340 - basicLogger - INFO - Received event scale results with trace id of 1738871455340502600
2025-02-06 11:50:55,366 - basicLogger - INFO - Response for event watch results, id:1738871452949775800 has status 201
2025-02-06 11:50:55,372 - basicLogger - INFO - Received event scale results with trace id of 1738871455372116100
2025-02-06 11:50:55,372 - basicLogger - INFO - Response for event watch results, id:1738871452943069300 has status 201
2025-02-06 11:50:55,372 - basicLogger - INFO - Received event scale results with trace id of 1738871455372116100
2025-02-06 11:50:55,378 - basicLogger - INFO - Received event scale results with trace id of 1738871455378343000
2025-02-06 11:50:55,378 - basicLogger - INFO - Received event scale results with trace id of 1738871455378343000
2025-02-06 11:50:57,552 - basicLogger - INFO - Response for event scale results, id:1738871455170794200 has status 201
2025-02-06 11:50:57,556 - basicLogger - INFO - Received event watch results with trace id of 1738871457556241000
2025-02-06 11:50:57,578 - basicLogger - INFO - Response for event scale results, id:1738871455181731700 has status 201
2025-02-06 11:50:57,581 - basicLogger - INFO - Received event watch results with trace id of 1738871457581956200
2025-02-06 11:50:57,781 - basicLogger - INFO - Response for event scale results, id:1738871455378343000 has status 201
2025-02-06 11:50:57,786 - basicLogger - INFO - Received event watch results with trace id of 1738871457786078400
2025-02-06 11:50:57,787 - basicLogger - INFO - Response for event scale results, id:1738871455372116100 has status 201
2025-02-06 11:50:57,792 - basicLogger - INFO - Received event watch results with trace id of 1738871457792323600
2025-02-06 11:50:57,795 - basicLogger - INFO - Response for event scale results, id:1738871455340502600 has status 201
2025-02-06 11:50:57,798 - basicLogger - INFO - Received event watch results with trace id of 1738871457798526600
2025-02-06 11:50:59,876 - basicLogger - INFO - Response for event watch results, id:1738871457556241000 has status 201
2025-02-06 11:50:59,882 - basicLogger - INFO - Received event scale results with trace id of 1738871459882945000
2025-02-06 11:50:59,882 - basicLogger - INFO - Received event scale results with trace id of 1738871459882945000
2025-02-06 11:50:59,924 - basicLogger - INFO - Response for event watch results, id:1738871457581956200 has status 201
2025-02-06 11:50:59,930 - basicLogger - INFO - Received event scale results with trace id of 1738871459930373500
2025-02-06 11:50:59,932 - basicLogger - INFO - Received event scale results with trace id of 1738871459930373500
2025-02-06 11:51:00,168 - basicLogger - INFO - Response for event watch results, id:1738871457786078400 has status 201
2025-02-06 11:51:00,176 - basicLogger - INFO - Received event scale results with trace id of 1738871460176926700
2025-02-06 11:51:00,178 - basicLogger - INFO - Received event scale results with trace id of 1738871460176926700
2025-02-06 11:51:00,179 - basicLogger - INFO - Response for event watch results, id:1738871457792323600 has status 201
2025-02-06 11:51:00,179 - basicLogger - INFO - Response for event watch results, id:1738871457798526600 has status 201
2025-02-06 11:51:00,185 - basicLogger - INFO - Received event scale results with trace id of 1738871460185372000
2025-02-06 11:51:00,185 - basicLogger - INFO - Received event scale results with trace id of 1738871460185372000
2025-02-06 11:51:00,187 - basicLogger - INFO - Received event scale results with trace id of 1738871460187811200
2025-02-06 11:51:00,187 - basicLogger - INFO - Received event scale results with trace id of 1738871460187811200
2025-02-06 11:51:02,293 - basicLogger - INFO - Response for event scale results, id:1738871459882945000 has status 201
2025-02-06 11:51:02,297 - basicLogger - INFO - Received event watch results with trace id of 1738871462297319400
2025-02-06 11:51:02,329 - basicLogger - INFO - Response for event scale results, id:1738871459930373500 has status 201
2025-02-06 11:51:02,337 - basicLogger - INFO - Received event watch results with trace id of 1738871462337570600
2025-02-06 11:51:02,588 - basicLogger - INFO - Response for event scale results, id:1738871460185372000 has status 201
2025-02-06 11:51:02,593 - basicLogger - INFO - Received event watch results with trace id of 1738871462593215000
2025-02-06 11:51:02,596 - basicLogger - INFO - Response for event scale results, id:1738871460187811200 has status 201
2025-02-06 11:51:02,596 - basicLogger - INFO - Response for event scale results, id:1738871460176926700 has status 201
2025-02-06 11:51:02,601 - basicLogger - INFO - Received event watch results with trace id of 1738871462601420000
2025-02-06 11:51:02,601 - basicLogger - INFO - Received event watch results with trace id of 1738871462601420000
2025-02-06 11:51:04,677 - basicLogger - INFO - Response for event watch results, id:1738871462297319400 has status 201
2025-02-06 11:51:04,682 - basicLogger - INFO - Received event scale results with trace id of 1738871464682363800
2025-02-06 11:51:04,682 - basicLogger - INFO - Received event scale results with trace id of 1738871464682363800
2025-02-06 11:51:04,698 - basicLogger - INFO - Response for event watch results, id:1738871462337570600 has status 201
2025-02-06 11:51:04,704 - basicLogger - INFO - Received event scale results with trace id of 1738871464704017500
2025-02-06 11:51:04,704 - basicLogger - INFO - Received event scale results with trace id of 1738871464704017500
2025-02-06 11:51:04,978 - basicLogger - INFO - Response for event watch results, id:1738871462601420000 has status 201
2025-02-06 11:51:04,984 - basicLogger - INFO - Received event scale results with trace id of 1738871464984772300
2025-02-06 11:51:04,984 - basicLogger - INFO - Received event scale results with trace id of 1738871464984772300
2025-02-06 11:51:04,987 - basicLogger - INFO - Response for event watch results, id:1738871462601420000 has status 201
2025-02-06 11:51:04,988 - basicLogger - INFO - Response for event watch results, id:1738871462593215000 has status 201
2025-02-06 11:51:04,995 - basicLogger - INFO - Received event scale results with trace id of 1738871464995986600
2025-02-06 11:51:04,995 - basicLogger - INFO - Received event scale results with trace id of 1738871464995986600
2025-02-06 11:51:04,995 - basicLogger - INFO - Received event scale results with trace id of 1738871464995986600
2025-02-06 11:51:04,995 - basicLogger - INFO - Received event scale results with trace id of 1738871464995986600
2025-02-06 11:51:07,012 - basicLogger - INFO - Response for event scale results, id:1738871464682363800 has status 201
2025-02-06 11:51:07,014 - basicLogger - INFO - Received event watch results with trace id of 1738871467014328900
2025-02-06 11:51:07,057 - basicLogger - INFO - Response for event scale results, id:1738871464704017500 has status 201
2025-02-06 11:51:07,060 - basicLogger - INFO - Received event watch results with trace id of 1738871467060054600
2025-02-06 11:51:07,391 - basicLogger - INFO - Response for event scale results, id:1738871464984772300 has status 201
2025-02-06 11:51:07,394 - basicLogger - INFO - Received event watch results with trace id of 1738871467394003900
2025-02-06 11:51:07,435 - basicLogger - INFO - Response for event scale results, id:1738871464995986600 has status 201
2025-02-06 11:51:07,439 - basicLogger - INFO - Received event watch results with trace id of 1738871467439202000
2025-02-06 11:51:07,439 - basicLogger - INFO - Response for event scale results, id:1738871464995986600 has status 201
2025-02-06 11:51:07,446 - basicLogger - INFO - Received event watch results with trace id of 1738871467446212000
2025-02-06 11:51:09,340 - basicLogger - INFO - Response for event watch results, id:1738871467014328900 has status 201
2025-02-06 11:51:09,346 - basicLogger - INFO - Received event scale results with trace id of 1738871469346087800
2025-02-06 11:51:09,347 - basicLogger - INFO - Received event scale results with trace id of 1738871469346087800
2025-02-06 11:51:09,371 - basicLogger - INFO - Response for event watch results, id:1738871467060054600 has status 201
2025-02-06 11:51:09,376 - basicLogger - INFO - Received event scale results with trace id of 1738871469376614700
2025-02-06 11:51:09,376 - basicLogger - INFO - Received event scale results with trace id of 1738871469376614700
2025-02-06 11:51:09,754 - basicLogger - INFO - Response for event watch results, id:1738871467394003900 has status 201
2025-02-06 11:51:09,759 - basicLogger - INFO - Received event scale results with trace id of 1738871469759730100
2025-02-06 11:51:09,759 - basicLogger - INFO - Received event scale results with trace id of 1738871469759730100
2025-02-06 11:51:09,792 - basicLogger - INFO - Response for event watch results, id:1738871467446212000 has status 201
2025-02-06 11:51:09,800 - basicLogger - INFO - Received event scale results with trace id of 1738871469800426700
2025-02-06 11:51:09,800 - basicLogger - INFO - Received event scale results with trace id of 1738871469800426700
2025-02-06 11:51:09,802 - basicLogger - INFO - Response for event watch results, id:1738871467439202000 has status 201
2025-02-06 11:51:09,808 - basicLogger - INFO - Received event scale results with trace id of 1738871469808967400
2025-02-06 11:51:09,808 - basicLogger - INFO - Received event scale results with trace id of 1738871469808967400
2025-02-06 11:51:11,675 - basicLogger - INFO - Response for event scale results, id:1738871469346087800 has status 201
2025-02-06 11:51:11,680 - basicLogger - INFO - Received event watch results with trace id of 1738871471680077400
2025-02-06 11:51:11,683 - basicLogger - INFO - Response for event scale results, id:1738871469376614700 has status 201
2025-02-06 11:51:11,687 - basicLogger - INFO - Received event watch results with trace id of 1738871471687825900
2025-02-06 11:51:12,070 - basicLogger - INFO - Response for event scale results, id:1738871469759730100 has status 201
2025-02-06 11:51:12,075 - basicLogger - INFO - Received event watch results with trace id of 1738871472075796700
2025-02-06 11:51:12,152 - basicLogger - INFO - Response for event scale results, id:1738871469808967400 has status 201
2025-02-06 11:51:12,158 - basicLogger - INFO - Received event watch results with trace id of 1738871472158543400
2025-02-06 11:51:12,158 - basicLogger - INFO - Response for event scale results, id:1738871469800426700 has status 201
2025-02-06 11:51:12,165 - basicLogger - INFO - Received event watch results with trace id of 1738871472165240400
2025-02-06 11:51:14,037 - basicLogger - INFO - Response for event watch results, id:1738871471680077400 has status 201
2025-02-06 11:51:14,042 - basicLogger - INFO - Response for event watch results, id:1738871471687825900 has status 201
2025-02-06 11:51:14,044 - basicLogger - INFO - Received event scale results with trace id of 1738871474044267200
2025-02-06 11:51:14,045 - basicLogger - INFO - Received event scale results with trace id of 1738871474044267200
2025-02-06 11:51:14,048 - basicLogger - INFO - Received event scale results with trace id of 1738871474048855600
2025-02-06 11:51:14,048 - basicLogger - INFO - Received event scale results with trace id of 1738871474048855600
2025-02-06 11:51:14,406 - basicLogger - INFO - Response for event watch results, id:1738871472075796700 has status 201
2025-02-06 11:51:14,412 - basicLogger - INFO - Received event scale results with trace id of 1738871474412077600
2025-02-06 11:51:14,412 - basicLogger - INFO - Received event scale results with trace id of 1738871474412077600
2025-02-06 11:51:14,521 - basicLogger - INFO - Response for event watch results, id:1738871472165240400 has status 201
2025-02-06 11:51:14,527 - basicLogger - INFO - Received event scale results with trace id of 1738871474527490400
2025-02-06 11:51:14,529 - basicLogger - INFO - Received event scale results with trace id of 1738871474527490400
2025-02-06 11:51:14,537 - basicLogger - INFO - Response for event watch results, id:1738871472158543400 has status 201
2025-02-06 11:51:14,542 - basicLogger - INFO - Received event scale results with trace id of 1738871474542637300
2025-02-06 11:51:14,543 - basicLogger - INFO - Received event scale results with trace id of 1738871474542637300
2025-02-06 11:51:16,373 - basicLogger - INFO - Response for event scale results, id:1738871474048855600 has status 201
2025-02-06 11:51:16,381 - basicLogger - INFO - Received event watch results with trace id of 1738871476381683400
2025-02-06 11:51:16,382 - basicLogger - INFO - Response for event scale results, id:1738871474044267200 has status 201
2025-02-06 11:51:16,387 - basicLogger - INFO - Received event watch results with trace id of 1738871476387151900
2025-02-06 11:51:16,746 - basicLogger - INFO - Response for event scale results, id:1738871474412077600 has status 201
2025-02-06 11:51:16,751 - basicLogger - INFO - Received event watch results with trace id of 1738871476751257400
2025-02-06 11:51:16,871 - basicLogger - INFO - Response for event scale results, id:1738871474542637300 has status 201
2025-02-06 11:51:16,872 - basicLogger - INFO - Received event watch results with trace id of 1738871476872618200
2025-02-06 11:51:16,882 - basicLogger - INFO - Response for event scale results, id:1738871474527490400 has status 201
2025-02-06 11:51:16,889 - basicLogger - INFO - Received event watch results with trace id of 1738871476889543400
2025-02-06 11:51:18,730 - basicLogger - INFO - Response for event watch results, id:1738871476381683400 has status 201
2025-02-06 11:51:18,740 - basicLogger - INFO - Response for event watch results, id:1738871476387151900 has status 201
2025-02-06 11:51:18,744 - basicLogger - INFO - Received event scale results with trace id of 1738871478744912100
2025-02-06 11:51:18,744 - basicLogger - INFO - Received event scale results with trace id of 1738871478744912100
2025-02-06 11:51:18,748 - basicLogger - INFO - Received event scale results with trace id of 1738871478748155500
2025-02-06 11:51:18,748 - basicLogger - INFO - Received event scale results with trace id of 1738871478748155500
2025-02-06 11:51:19,043 - basicLogger - INFO - Response for event watch results, id:1738871476751257400 has status 201
2025-02-06 11:51:19,048 - basicLogger - INFO - Received event scale results with trace id of 1738871479048671000
2025-02-06 11:51:19,048 - basicLogger - INFO - Received event scale results with trace id of 1738871479048671000
2025-02-06 11:51:19,222 - basicLogger - INFO - Response for event watch results, id:1738871476889543400 has status 201
2025-02-06 11:51:19,231 - basicLogger - INFO - Received event scale results with trace id of 1738871479231202600
2025-02-06 11:51:19,232 - basicLogger - INFO - Received event scale results with trace id of 1738871479231202600
2025-02-06 11:51:19,232 - basicLogger - INFO - Response for event watch results, id:1738871476872618200 has status 201
2025-02-06 11:51:19,237 - basicLogger - INFO - Received event scale results with trace id of 1738871479237035000
2025-02-06 11:51:19,237 - basicLogger - INFO - Received event scale results with trace id of 1738871479237035000
2025-02-06 11:51:21,098 - basicLogger - INFO - Response for event scale results, id:1738871478744912100 has status 201
2025-02-06 11:51:21,103 - basicLogger - INFO - Received event watch results with trace id of 1738871481103179300
2025-02-06 11:51:21,120 - basicLogger - INFO - Response for event scale results, id:1738871478748155500 has status 201
2025-02-06 11:51:21,120 - basicLogger - INFO - Received event watch results with trace id of 1738871481120975300
2025-02-06 11:51:21,320 - basicLogger - INFO - Response for event scale results, id:1738871479048671000 has status 201
2025-02-06 11:51:21,320 - basicLogger - INFO - Received event watch results with trace id of 1738871481320496900
2025-02-06 11:51:21,583 - basicLogger - INFO - Response for event scale results, id:1738871479237035000 has status 201
2025-02-06 11:51:21,583 - basicLogger - INFO - Received event watch results with trace id of 1738871481583701800
2025-02-06 11:51:21,604 - basicLogger - INFO - Response for event scale results, id:1738871479231202600 has status 201
2025-02-06 11:51:21,604 - basicLogger - INFO - Received event watch results with trace id of 1738871481604331400
2025-02-06 11:51:23,435 - basicLogger - INFO - Response for event watch results, id:1738871481103179300 has status 201
2025-02-06 11:51:23,443 - basicLogger - INFO - Received event scale results with trace id of 1738871483443741500
2025-02-06 11:51:23,443 - basicLogger - INFO - Received event scale results with trace id of 1738871483443741500
2025-02-06 11:51:23,459 - basicLogger - INFO - Response for event watch results, id:1738871481120975300 has status 201
2025-02-06 11:51:23,487 - basicLogger - INFO - Received event scale results with trace id of 1738871483487359800
2025-02-06 11:51:23,487 - basicLogger - INFO - Received event scale results with trace id of 1738871483487359800
2025-02-06 11:51:23,606 - basicLogger - INFO - Response for event watch results, id:1738871481320496900 has status 201
2025-02-06 11:51:23,616 - basicLogger - INFO - Received event scale results with trace id of 1738871483616312800
2025-02-06 11:51:23,616 - basicLogger - INFO - Received event scale results with trace id of 1738871483616312800
2025-02-06 11:51:23,909 - basicLogger - INFO - Response for event watch results, id:1738871481583701800 has status 201
2025-02-06 11:51:23,911 - basicLogger - INFO - Received event scale results with trace id of 1738871483911815200
2025-02-06 11:51:23,911 - basicLogger - INFO - Received event scale results with trace id of 1738871483911815200
2025-02-06 11:51:23,953 - basicLogger - INFO - Response for event watch results, id:1738871481604331400 has status 201
2025-02-06 11:51:23,963 - basicLogger - INFO - Received event scale results with trace id of 1738871483963074800
2025-02-06 11:51:23,963 - basicLogger - INFO - Received event scale results with trace id of 1738871483963074800
2025-02-06 11:51:25,874 - basicLogger - INFO - Response for event scale results, id:1738871483443741500 has status 201
2025-02-06 11:51:25,882 - basicLogger - INFO - Received event watch results with trace id of 1738871485882119300
2025-02-06 11:51:25,890 - basicLogger - INFO - Response for event scale results, id:1738871483487359800 has status 201
2025-02-06 11:51:25,890 - basicLogger - INFO - Received event watch results with trace id of 1738871485890958900
2025-02-06 11:51:26,000 - basicLogger - INFO - Response for event scale results, id:1738871483616312800 has status 201
2025-02-06 11:51:26,017 - basicLogger - INFO - Received event watch results with trace id of 1738871486017489900
2025-02-06 11:51:26,254 - basicLogger - INFO - Response for event scale results, id:1738871483911815200 has status 201
2025-02-06 11:51:26,254 - basicLogger - INFO - Received event watch results with trace id of 1738871486254481800
2025-02-06 11:51:26,304 - basicLogger - INFO - Response for event scale results, id:1738871483963074800 has status 201
2025-02-06 11:51:26,312 - basicLogger - INFO - Received event watch results with trace id of 1738871486312753300
2025-02-06 11:51:28,273 - basicLogger - INFO - Response for event watch results, id:1738871485882119300 has status 201
2025-02-06 11:51:28,273 - basicLogger - INFO - Response for event watch results, id:1738871485890958900 has status 201
2025-02-06 11:51:28,374 - basicLogger - INFO - Response for event watch results, id:1738871486017489900 has status 201
2025-02-06 11:51:28,608 - basicLogger - INFO - Response for event watch results, id:1738871486254481800 has status 201
2025-02-06 11:51:28,632 - basicLogger - INFO - Response for event watch results, id:1738871486312753300 has status 201
2025-02-06 14:22:01,651 - basicLogger - INFO - Received event scale results with trace id of 1738880521651417200
2025-02-06 14:22:01,749 - basicLogger - INFO - Received event scale results with trace id of 1738880521749689100
2025-02-06 14:22:01,943 - basicLogger - INFO - Received event scale results with trace id of 1738880521943691400
2025-02-06 14:22:02,141 - basicLogger - INFO - Received event scale results with trace id of 1738880522141452300
2025-02-06 14:22:02,342 - basicLogger - INFO - Received event scale results with trace id of 1738880522342338200
2025-02-06 14:22:04,045 - basicLogger - INFO - Response for event scale results, id:1738880521651417200 has status 201
2025-02-06 14:22:04,054 - basicLogger - INFO - Received event watch results with trace id of 1738880524054152600
2025-02-06 14:22:04,056 - basicLogger - INFO - Response for event scale results, id:1738880521749689100 has status 201
2025-02-06 14:22:04,059 - basicLogger - INFO - Received event watch results with trace id of 1738880524059170600
2025-02-06 14:22:04,221 - basicLogger - INFO - Response for event scale results, id:1738880521943691400 has status 201
2025-02-06 14:22:04,224 - basicLogger - INFO - Received event watch results with trace id of 1738880524224686000
2025-02-06 14:22:04,359 - basicLogger - INFO - Response for event scale results, id:1738880522141452300 has status 201
2025-02-06 14:22:04,363 - basicLogger - INFO - Received event watch results with trace id of 1738880524363171900
2025-02-06 14:22:04,571 - basicLogger - INFO - Response for event scale results, id:1738880522342338200 has status 201
2025-02-06 14:22:04,574 - basicLogger - INFO - Received event watch results with trace id of 1738880524574419600
2025-02-06 14:22:06,395 - basicLogger - INFO - Response for event watch results, id:1738880524059170600 has status 201
2025-02-06 14:22:06,402 - basicLogger - INFO - Received event scale results with trace id of 1738880526402455600
2025-02-06 14:22:06,403 - basicLogger - INFO - Response for event watch results, id:1738880524054152600 has status 201
2025-02-06 14:22:06,407 - basicLogger - INFO - Received event scale results with trace id of 1738880526407835400
2025-02-06 14:22:06,579 - basicLogger - INFO - Response for event watch results, id:1738880524224686000 has status 201
2025-02-06 14:22:06,584 - basicLogger - INFO - Received event scale results with trace id of 1738880526584651300
2025-02-06 14:22:06,698 - basicLogger - INFO - Response for event watch results, id:1738880524363171900 has status 201
2025-02-06 14:22:06,703 - basicLogger - INFO - Received event scale results with trace id of 1738880526703492700
2025-02-06 14:22:06,824 - basicLogger - INFO - Response for event watch results, id:1738880524574419600 has status 201
2025-02-06 14:22:06,828 - basicLogger - INFO - Received event scale results with trace id of 1738880526828895000
2025-02-06 14:22:08,744 - basicLogger - INFO - Response for event scale results, id:1738880526402455600 has status 201
2025-02-06 14:22:08,747 - basicLogger - INFO - Received event watch results with trace id of 1738880528747233100
2025-02-06 14:22:08,750 - basicLogger - INFO - Response for event scale results, id:1738880526407835400 has status 201
2025-02-06 14:22:08,756 - basicLogger - INFO - Received event watch results with trace id of 1738880528756217400
2025-02-06 14:22:08,927 - basicLogger - INFO - Response for event scale results, id:1738880526584651300 has status 201
2025-02-06 14:22:08,930 - basicLogger - INFO - Received event watch results with trace id of 1738880528930711900
2025-02-06 14:22:09,018 - basicLogger - INFO - Response for event scale results, id:1738880526703492700 has status 201
2025-02-06 14:22:09,021 - basicLogger - INFO - Received event watch results with trace id of 1738880529021823200
2025-02-06 14:22:09,108 - basicLogger - INFO - Response for event scale results, id:1738880526828895000 has status 201
2025-02-06 14:22:09,111 - basicLogger - INFO - Received event watch results with trace id of 1738880529111828300
2025-02-06 14:22:11,064 - basicLogger - INFO - Response for event watch results, id:1738880528747233100 has status 201
2025-02-06 14:22:11,069 - basicLogger - INFO - Received event scale results with trace id of 1738880531069755400
2025-02-06 14:22:11,089 - basicLogger - INFO - Response for event watch results, id:1738880528756217400 has status 201
2025-02-06 14:22:11,093 - basicLogger - INFO - Received event scale results with trace id of 1738880531093099500
2025-02-06 14:22:11,283 - basicLogger - INFO - Response for event watch results, id:1738880528930711900 has status 201
2025-02-06 14:22:11,289 - basicLogger - INFO - Received event scale results with trace id of 1738880531289308400
2025-02-06 14:22:11,376 - basicLogger - INFO - Response for event watch results, id:1738880529021823200 has status 201
2025-02-06 14:22:11,381 - basicLogger - INFO - Received event scale results with trace id of 1738880531381103300
2025-02-06 14:22:11,411 - basicLogger - INFO - Response for event watch results, id:1738880529111828300 has status 201
2025-02-06 14:22:11,416 - basicLogger - INFO - Received event scale results with trace id of 1738880531416284100
2025-02-06 14:22:13,395 - basicLogger - INFO - Response for event scale results, id:1738880531069755400 has status 201
2025-02-06 14:22:13,398 - basicLogger - INFO - Received event watch results with trace id of 1738880533398524700
2025-02-06 14:22:13,409 - basicLogger - INFO - Response for event scale results, id:1738880531093099500 has status 201
2025-02-06 14:22:13,413 - basicLogger - INFO - Received event watch results with trace id of 1738880533413272000
2025-02-06 14:22:13,667 - basicLogger - INFO - Response for event scale results, id:1738880531289308400 has status 201
2025-02-06 14:22:13,670 - basicLogger - INFO - Received event watch results with trace id of 1738880533670007900
2025-02-06 14:22:13,757 - basicLogger - INFO - Response for event scale results, id:1738880531416284100 has status 201
2025-02-06 14:22:13,761 - basicLogger - INFO - Received event watch results with trace id of 1738880533761634100
2025-02-06 14:22:13,763 - basicLogger - INFO - Response for event scale results, id:1738880531381103300 has status 201
2025-02-06 14:22:13,767 - basicLogger - INFO - Received event watch results with trace id of 1738880533767917500
2025-02-06 14:22:15,708 - basicLogger - INFO - Response for event watch results, id:1738880533398524700 has status 201
2025-02-06 14:22:15,714 - basicLogger - INFO - Response for event watch results, id:1738880533413272000 has status 201
2025-02-06 14:22:15,715 - basicLogger - INFO - Received event scale results with trace id of 1738880535715305600
2025-02-06 14:22:15,724 - basicLogger - INFO - Received event scale results with trace id of 1738880535724023300
2025-02-06 14:22:15,956 - basicLogger - INFO - Response for event watch results, id:1738880533670007900 has status 201
2025-02-06 14:22:15,962 - basicLogger - INFO - Received event scale results with trace id of 1738880535962517400
2025-02-06 14:22:16,114 - basicLogger - INFO - Response for event watch results, id:1738880533761634100 has status 201
2025-02-06 14:22:16,120 - basicLogger - INFO - Response for event watch results, id:1738880533767917500 has status 201
2025-02-06 14:22:16,123 - basicLogger - INFO - Received event scale results with trace id of 1738880536123064300
2025-02-06 14:22:16,125 - basicLogger - INFO - Received event scale results with trace id of 1738880536125071200
2025-02-06 14:22:18,008 - basicLogger - INFO - Response for event scale results, id:1738880535715305600 has status 201
2025-02-06 14:22:18,012 - basicLogger - INFO - Received event watch results with trace id of 1738880538012194000
2025-02-06 14:22:18,023 - basicLogger - INFO - Response for event scale results, id:1738880535724023300 has status 201
2025-02-06 14:22:18,032 - basicLogger - INFO - Received event watch results with trace id of 1738880538032939300
2025-02-06 14:22:18,242 - basicLogger - INFO - Response for event scale results, id:1738880535962517400 has status 201
2025-02-06 14:22:18,246 - basicLogger - INFO - Received event watch results with trace id of 1738880538246564500
2025-02-06 14:22:18,464 - basicLogger - INFO - Response for event scale results, id:1738880536125071200 has status 201
2025-02-06 14:22:18,464 - basicLogger - INFO - Response for event scale results, id:1738880536123064300 has status 201
2025-02-06 14:22:18,470 - basicLogger - INFO - Received event watch results with trace id of 1738880538470220700
2025-02-06 14:22:18,470 - basicLogger - INFO - Received event watch results with trace id of 1738880538470554800
2025-02-06 14:22:20,325 - basicLogger - INFO - Response for event watch results, id:1738880538012194000 has status 201
2025-02-06 14:22:20,334 - basicLogger - INFO - Received event scale results with trace id of 1738880540334318700
2025-02-06 14:22:20,336 - basicLogger - INFO - Response for event watch results, id:1738880538032939300 has status 201
2025-02-06 14:22:20,343 - basicLogger - INFO - Received event scale results with trace id of 1738880540343152200
2025-02-06 14:22:20,514 - basicLogger - INFO - Response for event watch results, id:1738880538246564500 has status 201
2025-02-06 14:22:20,518 - basicLogger - INFO - Received event scale results with trace id of 1738880540518646000
2025-02-06 14:22:20,766 - basicLogger - INFO - Response for event watch results, id:1738880538470554800 has status 201
2025-02-06 14:22:20,771 - basicLogger - INFO - Response for event watch results, id:1738880538470220700 has status 201
2025-02-06 14:22:20,773 - basicLogger - INFO - Received event scale results with trace id of 1738880540773248100
2025-02-06 14:22:20,778 - basicLogger - INFO - Received event scale results with trace id of 1738880540778985600
2025-02-06 14:22:22,685 - basicLogger - INFO - Response for event scale results, id:1738880540334318700 has status 201
2025-02-06 14:22:22,688 - basicLogger - INFO - Received event watch results with trace id of 1738880542688017800
2025-02-06 14:22:22,704 - basicLogger - INFO - Response for event scale results, id:1738880540343152200 has status 201
2025-02-06 14:22:22,708 - basicLogger - INFO - Received event watch results with trace id of 1738880542708761400
2025-02-06 14:22:22,908 - basicLogger - INFO - Response for event scale results, id:1738880540518646000 has status 201
2025-02-06 14:22:22,912 - basicLogger - INFO - Received event watch results with trace id of 1738880542912069400
2025-02-06 14:22:23,161 - basicLogger - INFO - Response for event scale results, id:1738880540778985600 has status 201
2025-02-06 14:22:23,167 - basicLogger - INFO - Received event watch results with trace id of 1738880543167726200
2025-02-06 14:22:23,168 - basicLogger - INFO - Response for event scale results, id:1738880540773248100 has status 201
2025-02-06 14:22:23,171 - basicLogger - INFO - Received event watch results with trace id of 1738880543171814900
2025-02-06 14:22:24,990 - basicLogger - INFO - Response for event watch results, id:1738880542688017800 has status 201
2025-02-06 14:22:24,996 - basicLogger - INFO - Received event scale results with trace id of 1738880544996886000
2025-02-06 14:22:24,996 - basicLogger - INFO - Response for event watch results, id:1738880542708761400 has status 201
2025-02-06 14:22:25,006 - basicLogger - INFO - Received event scale results with trace id of 1738880545006214100
2025-02-06 14:22:25,155 - basicLogger - INFO - Response for event watch results, id:1738880542912069400 has status 201
2025-02-06 14:22:25,159 - basicLogger - INFO - Received event scale results with trace id of 1738880545159868400
2025-02-06 14:22:25,518 - basicLogger - INFO - Response for event watch results, id:1738880543171814900 has status 201
2025-02-06 14:22:25,525 - basicLogger - INFO - Received event scale results with trace id of 1738880545525433900
2025-02-06 14:22:25,550 - basicLogger - INFO - Response for event watch results, id:1738880543167726200 has status 201
2025-02-06 14:22:25,557 - basicLogger - INFO - Received event scale results with trace id of 1738880545557155300
2025-02-06 14:22:27,320 - basicLogger - INFO - Response for event scale results, id:1738880544996886000 has status 201
2025-02-06 14:22:27,325 - basicLogger - INFO - Received event watch results with trace id of 1738880547325052600
2025-02-06 14:22:27,328 - basicLogger - INFO - Response for event scale results, id:1738880545006214100 has status 201
2025-02-06 14:22:27,331 - basicLogger - INFO - Received event watch results with trace id of 1738880547331481700
2025-02-06 14:22:27,434 - basicLogger - INFO - Response for event scale results, id:1738880545159868400 has status 201
2025-02-06 14:22:27,437 - basicLogger - INFO - Received event watch results with trace id of 1738880547437619000
2025-02-06 14:22:27,829 - basicLogger - INFO - Response for event scale results, id:1738880545525433900 has status 201
2025-02-06 14:22:27,832 - basicLogger - INFO - Received event watch results with trace id of 1738880547832876300
2025-02-06 14:22:27,837 - basicLogger - INFO - Response for event scale results, id:1738880545557155300 has status 201
2025-02-06 14:22:27,840 - basicLogger - INFO - Received event watch results with trace id of 1738880547840879800
2025-02-06 14:22:29,672 - basicLogger - INFO - Response for event watch results, id:1738880547325052600 has status 201
2025-02-06 14:22:29,677 - basicLogger - INFO - Received event scale results with trace id of 1738880549677770500
2025-02-06 14:22:29,694 - basicLogger - INFO - Response for event watch results, id:1738880547331481700 has status 201
2025-02-06 14:22:29,699 - basicLogger - INFO - Received event scale results with trace id of 1738880549699953200
2025-02-06 14:22:29,763 - basicLogger - INFO - Response for event watch results, id:1738880547437619000 has status 201
2025-02-06 14:22:29,775 - basicLogger - INFO - Received event scale results with trace id of 1738880549775708300
2025-02-06 14:22:30,169 - basicLogger - INFO - Response for event watch results, id:1738880547840879800 has status 201
2025-02-06 14:22:30,172 - basicLogger - INFO - Received event scale results with trace id of 1738880550172303500
2025-02-06 14:22:30,180 - basicLogger - INFO - Response for event watch results, id:1738880547832876300 has status 201
2025-02-06 14:22:30,185 - basicLogger - INFO - Received event scale results with trace id of 1738880550185324600
2025-02-06 14:22:32,028 - basicLogger - INFO - Response for event scale results, id:1738880549677770500 has status 201
2025-02-06 14:22:32,031 - basicLogger - INFO - Received event watch results with trace id of 1738880552031799600
2025-02-06 14:22:32,050 - basicLogger - INFO - Response for event scale results, id:1738880549699953200 has status 201
2025-02-06 14:22:32,054 - basicLogger - INFO - Received event watch results with trace id of 1738880552054368600
2025-02-06 14:22:32,111 - basicLogger - INFO - Response for event scale results, id:1738880549775708300 has status 201
2025-02-06 14:22:32,134 - basicLogger - INFO - Received event watch results with trace id of 1738880552134571400
2025-02-06 14:22:32,525 - basicLogger - INFO - Response for event scale results, id:1738880550172303500 has status 201
2025-02-06 14:22:32,530 - basicLogger - INFO - Received event watch results with trace id of 1738880552530327200
2025-02-06 14:22:32,548 - basicLogger - INFO - Response for event scale results, id:1738880550185324600 has status 201
2025-02-06 14:22:32,550 - basicLogger - INFO - Received event watch results with trace id of 1738880552550979400
2025-02-06 14:22:34,461 - basicLogger - INFO - Response for event watch results, id:1738880552054368600 has status 201
2025-02-06 14:22:34,467 - basicLogger - INFO - Response for event watch results, id:1738880552031799600 has status 201
2025-02-06 14:22:34,468 - basicLogger - INFO - Received event scale results with trace id of 1738880554468632000
2025-02-06 14:22:34,473 - basicLogger - INFO - Received event scale results with trace id of 1738880554473943400
2025-02-06 14:22:34,505 - basicLogger - INFO - Response for event watch results, id:1738880552134571400 has status 201
2025-02-06 14:22:34,510 - basicLogger - INFO - Received event scale results with trace id of 1738880554510241100
2025-02-06 14:22:34,819 - basicLogger - INFO - Response for event watch results, id:1738880552530327200 has status 201
2025-02-06 14:22:34,824 - basicLogger - INFO - Received event scale results with trace id of 1738880554824840500
2025-02-06 14:22:34,846 - basicLogger - INFO - Response for event watch results, id:1738880552550979400 has status 201
2025-02-06 14:22:34,853 - basicLogger - INFO - Received event scale results with trace id of 1738880554853242800
2025-02-06 14:22:36,798 - basicLogger - INFO - Response for event scale results, id:1738880554468632000 has status 201
2025-02-06 14:22:36,802 - basicLogger - INFO - Received event watch results with trace id of 1738880556802507800
2025-02-06 14:22:36,823 - basicLogger - INFO - Response for event scale results, id:1738880554473943400 has status 201
2025-02-06 14:22:36,828 - basicLogger - INFO - Received event watch results with trace id of 1738880556828256900
2025-02-06 14:22:36,847 - basicLogger - INFO - Response for event scale results, id:1738880554510241100 has status 201
2025-02-06 14:22:36,852 - basicLogger - INFO - Received event watch results with trace id of 1738880556852956700
2025-02-06 14:22:37,109 - basicLogger - INFO - Response for event scale results, id:1738880554824840500 has status 201
2025-02-06 14:22:37,113 - basicLogger - INFO - Received event watch results with trace id of 1738880557113431200
2025-02-06 14:22:37,136 - basicLogger - INFO - Response for event scale results, id:1738880554853242800 has status 201
2025-02-06 14:22:37,140 - basicLogger - INFO - Received event watch results with trace id of 1738880557140397400
2025-02-06 14:22:39,182 - basicLogger - INFO - Response for event watch results, id:1738880556802507800 has status 201
2025-02-06 14:22:39,190 - basicLogger - INFO - Received event scale results with trace id of 1738880559190929100
2025-02-06 14:22:39,250 - basicLogger - INFO - Response for event watch results, id:1738880556828256900 has status 201
2025-02-06 14:22:39,254 - basicLogger - INFO - Received event scale results with trace id of 1738880559254232400
2025-02-06 14:22:39,268 - basicLogger - INFO - Response for event watch results, id:1738880556852956700 has status 201
2025-02-06 14:22:39,274 - basicLogger - INFO - Received event scale results with trace id of 1738880559273917200
2025-02-06 14:22:39,471 - basicLogger - INFO - Response for event watch results, id:1738880557113431200 has status 201
2025-02-06 14:22:39,477 - basicLogger - INFO - Received event scale results with trace id of 1738880559477631100
2025-02-06 14:22:39,485 - basicLogger - INFO - Response for event watch results, id:1738880557140397400 has status 201
2025-02-06 14:22:39,491 - basicLogger - INFO - Received event scale results with trace id of 1738880559491311000
2025-02-06 14:22:41,516 - basicLogger - INFO - Response for event scale results, id:1738880559190929100 has status 201
2025-02-06 14:22:41,520 - basicLogger - INFO - Received event watch results with trace id of 1738880561520007100
2025-02-06 14:22:41,653 - basicLogger - INFO - Response for event scale results, id:1738880559273917200 has status 201
2025-02-06 14:22:41,656 - basicLogger - INFO - Received event watch results with trace id of 1738880561656159600
2025-02-06 14:22:41,660 - basicLogger - INFO - Response for event scale results, id:1738880559254232400 has status 201
2025-02-06 14:22:41,664 - basicLogger - INFO - Received event watch results with trace id of 1738880561664351000
2025-02-06 14:22:41,819 - basicLogger - INFO - Response for event scale results, id:1738880559491311000 has status 201
2025-02-06 14:22:41,822 - basicLogger - INFO - Received event watch results with trace id of 1738880561822914900
2025-02-06 14:22:41,846 - basicLogger - INFO - Response for event scale results, id:1738880559477631100 has status 201
2025-02-06 14:22:41,849 - basicLogger - INFO - Received event watch results with trace id of 1738880561849671100
2025-02-06 14:22:43,806 - basicLogger - INFO - Response for event watch results, id:1738880561520007100 has status 201
2025-02-06 14:22:43,815 - basicLogger - INFO - Received event scale results with trace id of 1738880563815498600
2025-02-06 14:22:44,030 - basicLogger - INFO - Response for event watch results, id:1738880561656159600 has status 201
2025-02-06 14:22:44,035 - basicLogger - INFO - Received event scale results with trace id of 1738880564035090600
2025-02-06 14:22:44,062 - basicLogger - INFO - Response for event watch results, id:1738880561664351000 has status 201
2025-02-06 14:22:44,065 - basicLogger - INFO - Received event scale results with trace id of 1738880564065823900
2025-02-06 14:22:44,197 - basicLogger - INFO - Response for event watch results, id:1738880561822914900 has status 201
2025-02-06 14:22:44,202 - basicLogger - INFO - Response for event watch results, id:1738880561849671100 has status 201
2025-02-06 14:22:44,204 - basicLogger - INFO - Received event scale results with trace id of 1738880564204562500
2025-02-06 14:22:44,210 - basicLogger - INFO - Received event scale results with trace id of 1738880564210739600
2025-02-06 14:22:46,055 - basicLogger - INFO - Response for event scale results, id:1738880563815498600 has status 201
2025-02-06 14:22:46,056 - basicLogger - INFO - Received event watch results with trace id of 1738880566056202000
2025-02-06 14:22:46,342 - basicLogger - INFO - Response for event scale results, id:1738880564035090600 has status 201
2025-02-06 14:22:46,345 - basicLogger - INFO - Received event watch results with trace id of 1738880566345649100
2025-02-06 14:22:46,408 - basicLogger - INFO - Response for event scale results, id:1738880564065823900 has status 201
2025-02-06 14:22:46,412 - basicLogger - INFO - Received event watch results with trace id of 1738880566412249600
2025-02-06 14:22:46,521 - basicLogger - INFO - Response for event scale results, id:1738880564210739600 has status 201
2025-02-06 14:22:46,524 - basicLogger - INFO - Received event watch results with trace id of 1738880566524599400
2025-02-06 14:22:46,532 - basicLogger - INFO - Response for event scale results, id:1738880564204562500 has status 201
2025-02-06 14:22:46,535 - basicLogger - INFO - Received event watch results with trace id of 1738880566535848200
2025-02-06 14:22:48,272 - basicLogger - INFO - Response for event watch results, id:1738880566056202000 has status 201
2025-02-06 14:22:48,652 - basicLogger - INFO - Response for event watch results, id:1738880566345649100 has status 201
2025-02-06 14:22:48,737 - basicLogger - INFO - Response for event watch results, id:1738880566412249600 has status 201
2025-02-06 14:22:48,829 - basicLogger - INFO - Response for event watch results, id:1738880566524599400 has status 201
2025-02-06 14:22:48,845 - basicLogger - INFO - Response for event watch results, id:1738880566535848200 has status 201
